  [4;36;1mSQL (0.000228)[0m   [0;1mSET SQL_AUTO_IS_NULL=0[0m
  [4;35;1mSQL (0.054276)[0m   [0mCREATE TABLE schema_info (version int(11))[0m
  [4;36;1mSQL (0.000678)[0m   [0;1mINSERT INTO schema_info (version) VALUES(0)[0m
  [4;35;1mSQL (0.000000)[0m   [0mMysql::Error: #42S01Table 'schema_info' already exists: CREATE TABLE schema_info (version int(11))[0m
  [4;36;1mSQL (0.000730)[0m   [0;1mSELECT version FROM schema_info[0m
Migrating to CreateUsers (1)
  [4;35;1mSQL (0.105209)[0m   [0mCREATE TABLE users (`id` int(11) DEFAULT NULL auto_increment PRIMARY KEY, `username` varchar(255) DEFAULT NULL, `password` varchar(255) DEFAULT NULL, `email` varchar(255) DEFAULT NULL) ENGINE=InnoDB[0m
  [4;36;1mSQL (0.005186)[0m   [0;1mUPDATE schema_info SET version = 1[0m
  [4;35;1mSQL (0.000713)[0m   [0mSELECT * FROM schema_info[0m
  [4;36;1mSQL (0.000565)[0m   [0;1mSHOW TABLES[0m
  [4;35;1mSQL (0.033849)[0m   [0mSHOW FIELDS FROM users[0m
  [4;36;1mSQL (0.019532)[0m   [0;1mSHOW KEYS FROM users[0m
  [4;36;1mSQL (0.000223)[0m   [0;1mSET SQL_AUTO_IS_NULL=0[0m
  [4;35;1mUser Columns (0.002073)[0m   [0mSHOW FIELDS FROM users[0m
  [4;36;1mSQL (0.000304)[0m   [0;1mBEGIN[0m
  [4;35;1mSQL (0.000589)[0m   [0mINSERT INTO users (`username`, `password`, `email`) VALUES('swain', '112233', 'swain@corp.fortunecity.com')[0m
  [4;36;1mSQL (0.000210)[0m   [0;1mCOMMIT[0m
  [4;36;1mSQL (0.000231)[0m   [0;1mSET SQL_AUTO_IS_NULL=0[0m
  [4;35;1mUser Columns (0.001889)[0m   [0mSHOW FIELDS FROM users[0m
  [4;36;1mUser Load (0.001321)[0m   [0;1mSELECT * FROM users WHERE (users.`username` = 'swain') LIMIT 1[0m


Processing FooController#index (for 10.1.1.252 at 2007-07-31 12:18:03) [GET]
  Session ID: 92dfa21758ed0a63d865aa4299eae736
  Parameters: {"action"=>"index", "controller"=>"foo"}
Rendering foo/index
Completed in 0.00236 (423 reqs/sec) | Rendering: 0.00142 (60%) | DB: 0.00344 (145%) | 200 OK [http://spork.dev.fortunecity.com/foo]
  [4;35;1mUser Columns (0.002221)[0m   [0mSHOW FIELDS FROM users[0m
  [4;36;1mUser Load (0.000992)[0m   [0;1mSELECT * FROM users WHERE (users.`username` = 'swain') LIMIT 1[0m


Processing FooController#index (for 10.1.1.252 at 2007-07-31 12:18:29) [GET]
  Session ID: 92dfa21758ed0a63d865aa4299eae736
  Parameters: {"action"=>"index", "controller"=>"foo"}
Rendering foo/index


ActionView::TemplateError (You have a nil object when you didn't expect it!
The error occurred while evaluating nil.name) on line #4 of app/views/foo/index.rhtml:
1: <h1>Foo#index</h1>
2: 
3: 
4: <%= @user.name %> in the house.

    #{RAILS_ROOT}/app/views/foo/index.rhtml:4:in `_run_rhtml_47app47views47foo47index46rhtml'
    /usr/lib/ruby/gems/1.8/gems/actionpack-1.13.3/lib/action_view/base.rb:326:in `send'
    /usr/lib/ruby/gems/1.8/gems/actionpack-1.13.3/lib/action_view/base.rb:326:in `compile_and_render_template'
    /usr/lib/ruby/gems/1.8/gems/actionpack-1.13.3/lib/action_view/base.rb:301:in `render_template'
    /usr/lib/ruby/gems/1.8/gems/actionpack-1.13.3/lib/action_view/base.rb:260:in `render_file'
    /usr/lib/ruby/gems/1.8/gems/actionpack-1.13.3/lib/action_controller/base.rb:806:in `render_file'
    /usr/lib/ruby/gems/1.8/gems/actionpack-1.13.3/lib/action_controller/base.rb:711:in `render_with_no_layout'
    /usr/lib/ruby/gems/1.8/gems/actionpack-1.13.3/lib/action_controller/layout.rb:256:in `render_without_benchmark'
    /usr/lib/ruby/gems/1.8/gems/actionpack-1.13.3/lib/action_controller/benchmarking.rb:50:in `render'
    /usr/lib/ruby/gems/1.8/gems/actionpack-1.13.3/lib/action_controller/benchmarking.rb:50:in `measure'
    /usr/lib/ruby/gems/1.8/gems/actionpack-1.13.3/lib/action_controller/benchmarking.rb:50:in `render'
    /usr/lib/ruby/gems/1.8/gems/actionpack-1.13.3/lib/action_controller/base.rb:1096:in `perform_action_without_filters'
    /usr/lib/ruby/gems/1.8/gems/actionpack-1.13.3/lib/action_controller/filters.rb:632:in `call_filter'
    /usr/lib/ruby/gems/1.8/gems/actionpack-1.13.3/lib/action_controller/filters.rb:619:in `perform_action_without_benchmark'
    /usr/lib/ruby/gems/1.8/gems/actionpack-1.13.3/lib/action_controller/benchmarking.rb:66:in `perform_action_without_rescue'
    /usr/lib/ruby/gems/1.8/gems/actionpack-1.13.3/lib/action_controller/benchmarking.rb:66:in `measure'
    /usr/lib/ruby/gems/1.8/gems/actionpack-1.13.3/lib/action_controller/benchmarking.rb:66:in `perform_action_without_rescue'
    /usr/lib/ruby/gems/1.8/gems/actionpack-1.13.3/lib/action_controller/rescue.rb:83:in `perform_action'
    /usr/lib/ruby/gems/1.8/gems/actionpack-1.13.3/lib/action_controller/base.rb:430:in `send'
    /usr/lib/ruby/gems/1.8/gems/actionpack-1.13.3/lib/action_controller/base.rb:430:in `process_without_filters'
    /usr/lib/ruby/gems/1.8/gems/actionpack-1.13.3/lib/action_controller/filters.rb:624:in `process_without_session_management_support'
    /usr/lib/ruby/gems/1.8/gems/actionpack-1.13.3/lib/action_controller/session_management.rb:114:in `process'
    /usr/lib/ruby/gems/1.8/gems/actionpack-1.13.3/lib/action_controller/base.rb:330:in `process'
    /usr/lib/ruby/gems/1.8/gems/rails-1.2.3/lib/dispatcher.rb:41:in `dispatch'
    /usr/lib/ruby/gems/1.8/gems/rails-1.2.3/lib/webrick_server.rb:113:in `handle_dispatch'
    /usr/lib/ruby/gems/1.8/gems/rails-1.2.3/lib/webrick_server.rb:79:in `service'
    /usr/lib/ruby/1.8/webrick/httpserver.rb:104:in `service'
    /usr/lib/ruby/1.8/webrick/httpserver.rb:65:in `run'
    /usr/lib/ruby/1.8/webrick/server.rb:156:in `start_thread'
    /usr/lib/ruby/1.8/webrick/server.rb:145:in `start'
    /usr/lib/ruby/1.8/webrick/server.rb:145:in `start_thread'
    /usr/lib/ruby/1.8/webrick/server.rb:95:in `start'
    /usr/lib/ruby/1.8/webrick/server.rb:89:in `each'
    /usr/lib/ruby/1.8/webrick/server.rb:89:in `start'
    /usr/lib/ruby/1.8/webrick/server.rb:79:in `start'
    /usr/lib/ruby/1.8/webrick/server.rb:79:in `start'
    /usr/lib/ruby/gems/1.8/gems/rails-1.2.3/lib/webrick_server.rb:63:in `dispatch'
    /usr/lib/ruby/gems/1.8/gems/rails-1.2.3/lib/commands/servers/webrick.rb:59
    /usr/lib/ruby/site_ruby/1.8/rubygems/custom_require.rb:27:in `gem_original_require'
    /usr/lib/ruby/site_ruby/1.8/rubygems/custom_require.rb:27:in `require'
    /usr/lib/ruby/gems/1.8/gems/activesupport-1.4.2/lib/active_support/dependencies.rb:495:in `require'
    /usr/lib/ruby/gems/1.8/gems/activesupport-1.4.2/lib/active_support/dependencies.rb:495:in `new_constants_in'
    /usr/lib/ruby/gems/1.8/gems/activesupport-1.4.2/lib/active_support/dependencies.rb:495:in `require'
    /usr/lib/ruby/gems/1.8/gems/rails-1.2.3/lib/commands/server.rb:39
    /usr/lib/ruby/site_ruby/1.8/rubygems/custom_require.rb:27:in `gem_original_require'
    /usr/lib/ruby/site_ruby/1.8/rubygems/custom_require.rb:27:in `require'
    script/server:3


Rendering /usr/lib/ruby/gems/1.8/gems/actionpack-1.13.3/lib/action_controller/templates/rescues/layout.rhtml (500 Internal Error)


Processing FooController#index (for 10.1.1.252 at 2007-07-31 12:19:11) [GET]
  Session ID: 92dfa21758ed0a63d865aa4299eae736
  Parameters: {"action"=>"index", "controller"=>"foo"}
  [4;35;1mUser Columns (0.002130)[0m   [0mSHOW FIELDS FROM users[0m
  [4;36;1mUser Load (0.000981)[0m   [0;1mSELECT * FROM users WHERE (users.`username` = 'swain') LIMIT 1[0m
Rendering foo/index


ActionView::TemplateError (undefined method `name' for #<User:0xb730bb30>) on line #4 of app/views/foo/index.rhtml:
1: <h1>Foo#index</h1>
2: 
3: <%= @message %><br>
4: <%= @user.name %> in the house.

    /usr/lib/ruby/gems/1.8/gems/activerecord-1.15.3/lib/active_record/base.rb:1860:in `method_missing'
    #{RAILS_ROOT}/app/views/foo/index.rhtml:4:in `_run_rhtml_47app47views47foo47index46rhtml'
    /usr/lib/ruby/gems/1.8/gems/actionpack-1.13.3/lib/action_view/base.rb:326:in `send'
    /usr/lib/ruby/gems/1.8/gems/actionpack-1.13.3/lib/action_view/base.rb:326:in `compile_and_render_template'
    /usr/lib/ruby/gems/1.8/gems/actionpack-1.13.3/lib/action_view/base.rb:301:in `render_template'
    /usr/lib/ruby/gems/1.8/gems/actionpack-1.13.3/lib/action_view/base.rb:260:in `render_file'
    /usr/lib/ruby/gems/1.8/gems/actionpack-1.13.3/lib/action_controller/base.rb:806:in `render_file'
    /usr/lib/ruby/gems/1.8/gems/actionpack-1.13.3/lib/action_controller/base.rb:711:in `render_with_no_layout'
    /usr/lib/ruby/gems/1.8/gems/actionpack-1.13.3/lib/action_controller/layout.rb:256:in `render_without_benchmark'
    /usr/lib/ruby/gems/1.8/gems/actionpack-1.13.3/lib/action_controller/benchmarking.rb:50:in `render'
    /usr/lib/ruby/gems/1.8/gems/actionpack-1.13.3/lib/action_controller/benchmarking.rb:50:in `measure'
    /usr/lib/ruby/gems/1.8/gems/actionpack-1.13.3/lib/action_controller/benchmarking.rb:50:in `render'
    /usr/lib/ruby/gems/1.8/gems/actionpack-1.13.3/lib/action_controller/base.rb:1096:in `perform_action_without_filters'
    /usr/lib/ruby/gems/1.8/gems/actionpack-1.13.3/lib/action_controller/filters.rb:632:in `call_filter'
    /usr/lib/ruby/gems/1.8/gems/actionpack-1.13.3/lib/action_controller/filters.rb:619:in `perform_action_without_benchmark'
    /usr/lib/ruby/gems/1.8/gems/actionpack-1.13.3/lib/action_controller/benchmarking.rb:66:in `perform_action_without_rescue'
    /usr/lib/ruby/gems/1.8/gems/actionpack-1.13.3/lib/action_controller/benchmarking.rb:66:in `measure'
    /usr/lib/ruby/gems/1.8/gems/actionpack-1.13.3/lib/action_controller/benchmarking.rb:66:in `perform_action_without_rescue'
    /usr/lib/ruby/gems/1.8/gems/actionpack-1.13.3/lib/action_controller/rescue.rb:83:in `perform_action'
    /usr/lib/ruby/gems/1.8/gems/actionpack-1.13.3/lib/action_controller/base.rb:430:in `send'
    /usr/lib/ruby/gems/1.8/gems/actionpack-1.13.3/lib/action_controller/base.rb:430:in `process_without_filters'
    /usr/lib/ruby/gems/1.8/gems/actionpack-1.13.3/lib/action_controller/filters.rb:624:in `process_without_session_management_support'
    /usr/lib/ruby/gems/1.8/gems/actionpack-1.13.3/lib/action_controller/session_management.rb:114:in `process'
    /usr/lib/ruby/gems/1.8/gems/actionpack-1.13.3/lib/action_controller/base.rb:330:in `process'
    /usr/lib/ruby/gems/1.8/gems/rails-1.2.3/lib/dispatcher.rb:41:in `dispatch'
    /usr/lib/ruby/gems/1.8/gems/rails-1.2.3/lib/webrick_server.rb:113:in `handle_dispatch'
    /usr/lib/ruby/gems/1.8/gems/rails-1.2.3/lib/webrick_server.rb:79:in `service'
    /usr/lib/ruby/1.8/webrick/httpserver.rb:104:in `service'
    /usr/lib/ruby/1.8/webrick/httpserver.rb:65:in `run'
    /usr/lib/ruby/1.8/webrick/server.rb:156:in `start_thread'
    /usr/lib/ruby/1.8/webrick/server.rb:145:in `start'
    /usr/lib/ruby/1.8/webrick/server.rb:145:in `start_thread'
    /usr/lib/ruby/1.8/webrick/server.rb:95:in `start'
    /usr/lib/ruby/1.8/webrick/server.rb:89:in `each'
    /usr/lib/ruby/1.8/webrick/server.rb:89:in `start'
    /usr/lib/ruby/1.8/webrick/server.rb:79:in `start'
    /usr/lib/ruby/1.8/webrick/server.rb:79:in `start'
    /usr/lib/ruby/gems/1.8/gems/rails-1.2.3/lib/webrick_server.rb:63:in `dispatch'
    /usr/lib/ruby/gems/1.8/gems/rails-1.2.3/lib/commands/servers/webrick.rb:59
    /usr/lib/ruby/site_ruby/1.8/rubygems/custom_require.rb:27:in `gem_original_require'
    /usr/lib/ruby/site_ruby/1.8/rubygems/custom_require.rb:27:in `require'
    /usr/lib/ruby/gems/1.8/gems/activesupport-1.4.2/lib/active_support/dependencies.rb:495:in `require'
    /usr/lib/ruby/gems/1.8/gems/activesupport-1.4.2/lib/active_support/dependencies.rb:495:in `new_constants_in'
    /usr/lib/ruby/gems/1.8/gems/activesupport-1.4.2/lib/active_support/dependencies.rb:495:in `require'
    /usr/lib/ruby/gems/1.8/gems/rails-1.2.3/lib/commands/server.rb:39
    /usr/lib/ruby/site_ruby/1.8/rubygems/custom_require.rb:27:in `gem_original_require'
    /usr/lib/ruby/site_ruby/1.8/rubygems/custom_require.rb:27:in `require'
    script/server:3


Rendering /usr/lib/ruby/gems/1.8/gems/actionpack-1.13.3/lib/action_controller/templates/rescues/layout.rhtml (500 Internal Error)


Processing FooController#index (for 10.1.1.252 at 2007-07-31 12:19:20) [GET]
  Session ID: 92dfa21758ed0a63d865aa4299eae736
  Parameters: {"action"=>"index", "controller"=>"foo"}
  [4;35;1mUser Columns (0.002165)[0m   [0mSHOW FIELDS FROM users[0m
  [4;36;1mUser Load (0.000990)[0m   [0;1mSELECT * FROM users WHERE (users.`username` = 'swain') LIMIT 1[0m
Rendering foo/index
Completed in 0.01139 (87 reqs/sec) | Rendering: 0.00188 (16%) | DB: 0.00315 (27%) | 200 OK [http://spork.dev.fortunecity.com/foo]


Processing FooController#index (for 10.1.1.252 at 2007-07-31 12:22:06) [GET]
  Session ID: 92dfa21758ed0a63d865aa4299eae736
  Parameters: {"action"=>"index", "controller"=>"foo"}
  [4;35;1mUser Columns (0.002771)[0m   [0mSHOW FIELDS FROM users[0m
  [4;36;1mUser Load (0.000984)[0m   [0;1mSELECT * FROM users WHERE (users.`username` = 'swain') LIMIT 1[0m


NoMethodError (undefined method `name' for #<User:0xb735986c>):
    /usr/lib/ruby/gems/1.8/gems/activerecord-1.15.3/lib/active_record/base.rb:1860:in `method_missing'
    .//app/models/notifier.rb:6:in `signup_thanks'
    /usr/lib/ruby/gems/1.8/gems/actionmailer-1.3.3/lib/action_mailer/base.rb:392:in `send'
    /usr/lib/ruby/gems/1.8/gems/actionmailer-1.3.3/lib/action_mailer/base.rb:392:in `create!'
    /usr/lib/ruby/gems/1.8/gems/actionmailer-1.3.3/lib/action_mailer/base.rb:385:in `initialize'
    /usr/lib/ruby/gems/1.8/gems/activesupport-1.4.2/lib/active_support/core_ext/module/attribute_accessors.rb:26:in `new'
    /usr/lib/ruby/gems/1.8/gems/activesupport-1.4.2/lib/active_support/core_ext/module/attribute_accessors.rb:26:in `new'
    /usr/lib/ruby/gems/1.8/gems/actionmailer-1.3.3/lib/action_mailer/base.rb:333:in `method_missing'
    .//app/controllers/foo_controller.rb:6:in `index'
    /usr/lib/ruby/gems/1.8/gems/actionpack-1.13.3/lib/action_controller/base.rb:1095:in `send'
    /usr/lib/ruby/gems/1.8/gems/actionpack-1.13.3/lib/action_controller/base.rb:1095:in `perform_action_without_filters'
    /usr/lib/ruby/gems/1.8/gems/actionpack-1.13.3/lib/action_controller/filters.rb:632:in `call_filter'
    /usr/lib/ruby/gems/1.8/gems/actionpack-1.13.3/lib/action_controller/filters.rb:619:in `perform_action_without_benchmark'
    /usr/lib/ruby/gems/1.8/gems/actionpack-1.13.3/lib/action_controller/benchmarking.rb:66:in `perform_action_without_rescue'
    /usr/lib/ruby/gems/1.8/gems/actionpack-1.13.3/lib/action_controller/benchmarking.rb:66:in `measure'
    /usr/lib/ruby/gems/1.8/gems/actionpack-1.13.3/lib/action_controller/benchmarking.rb:66:in `perform_action_without_rescue'
    /usr/lib/ruby/gems/1.8/gems/actionpack-1.13.3/lib/action_controller/rescue.rb:83:in `perform_action'
    /usr/lib/ruby/gems/1.8/gems/actionpack-1.13.3/lib/action_controller/base.rb:430:in `send'
    /usr/lib/ruby/gems/1.8/gems/actionpack-1.13.3/lib/action_controller/base.rb:430:in `process_without_filters'
    /usr/lib/ruby/gems/1.8/gems/actionpack-1.13.3/lib/action_controller/filters.rb:624:in `process_without_session_management_support'
    /usr/lib/ruby/gems/1.8/gems/actionpack-1.13.3/lib/action_controller/session_management.rb:114:in `process'
    /usr/lib/ruby/gems/1.8/gems/actionpack-1.13.3/lib/action_controller/base.rb:330:in `process'
    /usr/lib/ruby/gems/1.8/gems/rails-1.2.3/lib/dispatcher.rb:41:in `dispatch'
    /usr/lib/ruby/gems/1.8/gems/rails-1.2.3/lib/webrick_server.rb:113:in `handle_dispatch'
    /usr/lib/ruby/gems/1.8/gems/rails-1.2.3/lib/webrick_server.rb:79:in `service'
    /usr/lib/ruby/1.8/webrick/httpserver.rb:104:in `service'
    /usr/lib/ruby/1.8/webrick/httpserver.rb:65:in `run'
    /usr/lib/ruby/1.8/webrick/server.rb:156:in `start_thread'
    /usr/lib/ruby/1.8/webrick/server.rb:145:in `start'
    /usr/lib/ruby/1.8/webrick/server.rb:145:in `start_thread'
    /usr/lib/ruby/1.8/webrick/server.rb:95:in `start'
    /usr/lib/ruby/1.8/webrick/server.rb:89:in `each'
    /usr/lib/ruby/1.8/webrick/server.rb:89:in `start'
    /usr/lib/ruby/1.8/webrick/server.rb:79:in `start'
    /usr/lib/ruby/1.8/webrick/server.rb:79:in `start'
    /usr/lib/ruby/gems/1.8/gems/rails-1.2.3/lib/webrick_server.rb:63:in `dispatch'
    /usr/lib/ruby/gems/1.8/gems/rails-1.2.3/lib/commands/servers/webrick.rb:59
    /usr/lib/ruby/site_ruby/1.8/rubygems/custom_require.rb:27:in `gem_original_require'
    /usr/lib/ruby/site_ruby/1.8/rubygems/custom_require.rb:27:in `require'
    /usr/lib/ruby/gems/1.8/gems/activesupport-1.4.2/lib/active_support/dependencies.rb:495:in `require'
    /usr/lib/ruby/gems/1.8/gems/activesupport-1.4.2/lib/active_support/dependencies.rb:495:in `new_constants_in'
    /usr/lib/ruby/gems/1.8/gems/activesupport-1.4.2/lib/active_support/dependencies.rb:495:in `require'
    /usr/lib/ruby/gems/1.8/gems/rails-1.2.3/lib/commands/server.rb:39
    /usr/lib/ruby/site_ruby/1.8/rubygems/custom_require.rb:27:in `gem_original_require'
    /usr/lib/ruby/site_ruby/1.8/rubygems/custom_require.rb:27:in `require'
    script/server:3


Rendering /usr/lib/ruby/gems/1.8/gems/actionpack-1.13.3/lib/action_controller/templates/rescues/layout.rhtml (500 Internal Error)


Processing FooController#index (for 10.1.1.252 at 2007-07-31 12:22:41) [GET]
  Session ID: 92dfa21758ed0a63d865aa4299eae736
  Parameters: {"action"=>"index", "controller"=>"foo"}
  [4;35;1mUser Columns (0.002180)[0m   [0mSHOW FIELDS FROM users[0m
  [4;36;1mUser Load (0.000961)[0m   [0;1mSELECT * FROM users WHERE (users.`username` = 'swain') LIMIT 1[0m
Sent mail:
 From: rails@test.myphotodevel.com
To: swain@corp.fortunecity.com
Subject: Hello, sailor!
Mime-Version: 1.0
Content-Type: text/plain; charset=utf-8

Dear swain

Thanks for signing up with MyPhotoPro!

Your password is 112233

Your account will allow you to do blah, blah, blah.

Rendering foo/index
Completed in 0.14915 (6 reqs/sec) | Rendering: 0.00093 (0%) | DB: 0.00690 (4%) | 200 OK [http://spork.dev.fortunecity.com/foo]


Processing FooController#index (for 10.1.1.252 at 2007-07-31 12:26:16) [GET]
  Session ID: 92dfa21758ed0a63d865aa4299eae736
  Parameters: {"action"=>"index", "controller"=>"foo"}
  [4;36;1mSQL (0.000403)[0m   [0;1mSET SQL_AUTO_IS_NULL=0[0m
  [4;35;1mUser Columns (0.004928)[0m   [0mSHOW FIELDS FROM users[0m
  [4;36;1mUser Load (0.002105)[0m   [0;1mSELECT * FROM users WHERE (users.`username` = 'swain') LIMIT 1[0m
Sent mail:
 From: rails@test.myphotodevel.com
To: swain@corp.fortunecity.com
Subject: Hello, sailor!
Mime-Version: 1.0
Content-Type: text/plain; charset=utf-8

Dear swain

Thanks for signing up with MyPhotoPro!

Your password is 112233

Your account will allow you to do blah, blah, blah.

Rendering foo/index
Completed in 0.12149 (8 reqs/sec) | Rendering: 0.00195 (1%) | DB: 0.00744 (6%) | 200 OK [http://spork.dev.fortunecity.com/foo]
  [4;36;1mSQL (0.000222)[0m   [0;1mSET SQL_AUTO_IS_NULL=0[0m
  [4;35;1mUser Columns (0.002099)[0m   [0mSHOW FIELDS FROM users[0m
  [4;36;1mUser Load (0.000968)[0m   [0;1mSELECT * FROM users WHERE (users.`username` = 'swain') LIMIT 1[0m
  [4;35;1mSQL (0.000306)[0m   [0mBEGIN[0m
  [4;36;1mUser Update (0.000792)[0m   [0;1mUPDATE users SET `username` = 'swain', `email` = 'swain@corp.fortunecity.com', `password` = 'foo' WHERE `id` = 1[0m
  [4;35;1mSQL (0.000264)[0m   [0mCOMMIT[0m


Processing FooController#index (for 10.1.1.252 at 2007-07-31 12:29:43) [GET]
  Session ID: 92dfa21758ed0a63d865aa4299eae736
  Parameters: {"action"=>"index", "controller"=>"foo"}
  [4;35;1mUser Columns (0.002195)[0m   [0mSHOW FIELDS FROM users[0m
  [4;36;1mUser Load (0.001026)[0m   [0;1mSELECT * FROM users WHERE (users.`username` = 'swain') LIMIT 1[0m
Sent mail:
 From: rails@test.myphotodevel.com
To: swain@corp.fortunecity.com
Subject: Hello, sailor!
Mime-Version: 1.0
Content-Type: text/plain; charset=utf-8

Dear swain

Thanks for signing up with MyPhotoPro!

Your password is foo

Your account will allow you to do blah, blah, blah.

Rendering foo/index
Completed in 0.19117 (5 reqs/sec) | Rendering: 0.00116 (0%) | DB: 0.00322 (1%) | 200 OK [http://spork.dev.fortunecity.com/foo]


Processing FooController#index (for 10.1.1.252 at 2007-07-31 12:32:16) [GET]
  Session ID: 92dfa21758ed0a63d865aa4299eae736
  Parameters: {"action"=>"index", "controller"=>"foo"}
  [4;35;1mUser Columns (0.002273)[0m   [0mSHOW FIELDS FROM users[0m
  [4;36;1mUser Load (0.001561)[0m   [0;1mSELECT * FROM users WHERE (users.`username` = 'swain') LIMIT 1[0m
Sent mail:
 From: rails@test.myphotodevel.com
To: swain@corp.fortunecity.com
Subject: Hello, sailor!
Mime-Version: 1.0
Content-Type: text/plain; charset=utf-8

Dear swain

Thanks for signing up with MyPhotoPro!

Your password is foo

Your account will allow you to do blah, blah, blah.

Rendering foo/index
Completed in 0.09574 (10 reqs/sec) | Rendering: 0.00096 (1%) | DB: 0.00383 (4%) | 200 OK [http://spork.dev.fortunecity.com/foo]


Processing FooController#index (for 10.1.1.252 at 2007-07-31 12:32:20) [GET]
  Session ID: 92dfa21758ed0a63d865aa4299eae736
  Parameters: {"action"=>"index", "controller"=>"foo"}
  [4;35;1mUser Columns (0.002085)[0m   [0mSHOW FIELDS FROM users[0m
  [4;36;1mUser Load (0.000964)[0m   [0;1mSELECT * FROM users WHERE (users.`username` = 'swain') LIMIT 1[0m
Sent mail:
 From: rails@test.myphotodevel.com
To: swain@corp.fortunecity.com
Subject: Hello, sailor!
Mime-Version: 1.0
Content-Type: text/plain; charset=utf-8

Dear swain

Thanks for signing up with MyPhotoPro!

Your password is foo

Your account will allow you to do blah, blah, blah.

Rendering foo/index
Completed in 0.08404 (11 reqs/sec) | Rendering: 0.00099 (1%) | DB: 0.00305 (3%) | 200 OK [http://spork.dev.fortunecity.com/foo]
